2026-04-15 21:06:05,210 - infrastructure.btc_hunter - INFO - State saved: 30 visited, 30 queued
2026-04-15 21:06:05,216 - infrastructure.btc_hunter - INFO - BFS start: depth=5, queue=30
2026-04-15 21:06:10,628 - infrastructure.btc_hunter - INFO - BFS start: depth=5, queue=30
2026-04-15 21:06:41,552 - infrastructure.btc_hunter - INFO - State saved: 60 visited, 50 queued
2026-04-15 21:07:25,013 - infrastructure.btc_hunter - INFO - State saved: 178 visited, 158 queued
2026-04-15 21:08:00,796 - infrastructure.btc_hunter - INFO - State saved: 210 visited, 180 queued
2026-04-15 21:09:01,109 - infrastructure.btc_hunter - INFO - State saved: 257 visited, 217 queued
2026-04-15 21:10:27,278 - infrastructure.btc_hunter - INFO - BFS start: depth=5, queue=217
2026-04-15 21:10:49,154 - infrastructure.btc_hunter - INFO - State saved: 349 visited, 299 queued
2026-04-15 21:11:50,582 - infrastructure.btc_hunter - INFO - State saved: 365 visited, 305 queued
2026-04-15 21:12:37,578 - infrastructure.btc_hunter - INFO - BFS start: depth=5, queue=305
2026-04-15 21:12:54,893 - infrastructure.btc_hunter - INFO - BFS start: depth=5, queue=305
2026-04-15 21:13:46,053 - infrastructure.btc_hunter - INFO - State saved: 586 visited, 516 queued
2026-04-15 21:14:43,883 - infrastructure.btc_hunter - INFO - State saved: 783 visited, 703 queued
2026-04-15 21:15:44,867 - infrastructure.btc_hunter - INFO - State saved: 985 visited, 895 queued
2026-04-15 21:16:45,384 - infrastructure.btc_hunter - INFO - State saved: 1194 visited, 1094 queued
2026-04-15 21:17:47,416 - infrastructure.btc_hunter - INFO - State saved: 1358 visited, 1248 queued
2026-04-15 21:18:47,522 - infrastructure.btc_hunter - INFO - State saved: 1565 visited, 1445 queued
2026-04-15 21:19:53,829 - infrastructure.btc_hunter - INFO - State saved: 1743 visited, 1613 queued
2026-04-15 21:20:55,969 - infrastructure.btc_hunter - INFO - State saved: 1846 visited, 1706 queued
2026-04-15 21:22:08,624 - infrastructure.btc_hunter - INFO - State saved: 2047 visited, 1897 queued
2026-04-15 21:23:08,195 - infrastructure.btc_hunter - INFO - State saved: 2206 visited, 2046 queued
2026-04-15 21:23:57,753 - infrastructure.btc_hunter - INFO - 💰 FOUND: bc1pjplwtg266u9h287h... balance=0.00563168 BTC, inactive=434 days
2026-04-15 21:24:13,889 - infrastructure.btc_hunter - INFO - State saved: 2251 visited, 2081 queued
2026-04-15 21:24:20,475 - infrastructure.btc_hunter - INFO - 💰 FOUND: bc1pcucgklmuu0kpcgal... balance=0.00186694 BTC, inactive=434 days
2026-04-15 21:25:00,097 - infrastructure.btc_hunter - INFO - 💰 FOUND: bc1ptplgzc2f0gx2pj42... balance=0.01935386 BTC, inactive=434 days
2026-04-15 21:25:15,218 - infrastructure.btc_hunter - INFO - State saved: 2391 visited, 2211 queued
2026-04-15 21:25:27,226 - infrastructure.btc_hunter - INFO - 💰 FOUND: 1LQoWist8KkaUXSPKZHN... balance=0.00143278 BTC, inactive=461 days
2026-04-15 21:26:16,668 - infrastructure.btc_hunter - INFO - State saved: 2521 visited, 2331 queued
2026-04-15 21:26:25,208 - infrastructure.btc_hunter - INFO - 💰 FOUND: 3LCGsSmfr24demGvriN4... balance=0.00276325 BTC, inactive=443 days
2026-04-15 21:26:35,878 - infrastructure.btc_hunter - INFO - 💰 FOUND: 1CQUH3rYPYLdn8Sg5TRj... balance=1.20272652 BTC, inactive=703 days
2026-04-15 21:29:53,180 - infrastructure.btc_hunter - INFO - BFS start: depth=5, queue=2331
2026-04-15 21:29:53,200 - infrastructure.btc_hunter - INFO - 💰 FOUND: 3LCGsSmfr24demGvriN4... balance=0.00276325 BTC, inactive=443 days
2026-04-15 21:29:53,218 - infrastructure.btc_hunter - INFO - 💰 FOUND: 1CQUH3rYPYLdn8Sg5TRj... balance=1.20272652 BTC, inactive=703 days
2026-04-15 21:30:11,687 - infrastructure.btc_hunter - INFO - State saved: 2692 visited, 2492 queued
2026-04-15 21:35:32,240 - __main__ - INFO - Loaded 44 target addresses
2026-04-15 21:35:32,244 - __main__ - INFO - === Processing BIP44 group with 16 addresses ===
2026-04-15 21:35:32,249 - application.scan_targets - INFO - Starting scan for BIP44 with 4 workers
2026-04-15 21:35:32,252 - application.scan_targets - INFO - Remaining targets: 16
2026-04-15 21:36:10,438 - infrastructure.btc_hunter - INFO - BFS start: depth=5, queue=2492
2026-04-15 21:36:15,280 - infrastructure.btc_hunter - INFO - 💰 FOUND: 17aDRzRQK8ccBLVBzsms... balance=0.00235390 BTC, inactive=703 days
2026-04-15 21:36:25,986 - infrastructure.btc_hunter - INFO - BFS start: depth=5, queue=2492
2026-04-15 21:36:25,991 - infrastructure.btc_hunter - INFO - 💰 FOUND: 17aDRzRQK8ccBLVBzsms... balance=0.00235390 BTC, inactive=703 days
2026-04-15 21:36:29,349 - infrastructure.btc_hunter - INFO - 💰 FOUND: 12R4kPeSK6i9427ctH15... balance=0.00124682 BTC, inactive=703 days
2026-04-15 21:37:55,723 - __main__ - INFO - Loaded 45 target addresses
2026-04-15 21:37:55,727 - __main__ - INFO - === Processing BIP44 group with 17 addresses ===
2026-04-15 21:37:55,730 - application.scan_targets - INFO - Starting scan for BIP44 with 4 workers
2026-04-15 21:37:55,733 - application.scan_targets - INFO - Remaining targets: 17
2026-04-15 21:37:56,083 - application.scan_targets - INFO - Checked: 0 | Rate: 0.0/s | Remaining: 17
2026-04-15 21:37:56,228 - application.scan_targets - INFO - Checked: 0 | Rate: 0.0/s | Remaining: 17
2026-04-15 21:37:56,350 - application.scan_targets - INFO - Checked: 0 | Rate: 0.0/s | Remaining: 17
2026-04-15 21:37:56,463 - application.scan_targets - INFO - Checked: 0 | Rate: 0.0/s | Remaining: 17
2026-04-15 21:37:56,583 - application.scan_targets - INFO - Checked: 0 | Rate: 0.0/s | Remaining: 17
2026-04-15 21:38:39,595 - application.scan_targets - INFO - Checked: 5000 | Rate: 114.0/s | Remaining: 17
2026-04-15 21:39:23,471 - application.scan_targets - INFO - Checked: 10000 | Rate: 114.0/s | Remaining: 17
2026-04-15 21:40:06,240 - application.scan_targets - INFO - Checked: 15000 | Rate: 114.9/s | Remaining: 17
2026-04-15 21:40:49,850 - application.scan_targets - INFO - Checked: 20000 | Rate: 114.9/s | Remaining: 17
2026-04-15 21:41:34,003 - application.scan_targets - INFO - Checked: 25000 | Rate: 114.5/s | Remaining: 17
2026-04-15 21:48:19,806 - __main__ - INFO - psutil not installed – priority unchanged
2026-04-15 21:48:19,813 - __main__ - INFO - Loaded 45 target addresses
2026-04-15 21:48:19,817 - __main__ - INFO - === Processing BIP44 group with 17 addresses ===
2026-04-15 21:48:19,823 - application.scan_targets - INFO - Starting scan for BIP44 with 2 workers
2026-04-15 21:48:19,827 - application.scan_targets - INFO - Remaining targets: 17
2026-04-15 21:48:20,016 - application.scan_targets - INFO - Checked: 0 | Rate: 0.0/s | Remaining: 17
2026-04-15 21:48:20,227 - application.scan_targets - INFO - Checked: 0 | Rate: 0.0/s | Remaining: 17
2026-04-15 21:48:20,378 - __mp_main__ - INFO - psutil not installed – priority unchanged
2026-04-15 21:48:20,392 - __mp_main__ - INFO - psutil not installed – priority unchanged
2026-04-15 21:48:20,391 - application.scan_targets - INFO - Checked: 0 | Rate: 0.0/s | Remaining: 17
2026-04-15 21:50:56,941 - application.scan_targets - INFO - Checked: 10000 | Rate: 63.6/s | Remaining: 17
2026-04-15 21:57:23,300 - application.scan_targets - INFO - Checked: 35000 | Rate: 64.4/s | Remaining: 17
2026-04-15 21:58:36,532 - application.scan_targets - INFO - Checked: 40000 | Rate: 64.9/s | Remaining: 17
